<?xml version="1.0" encoding="UTF-8"?>
<testsuite xmlns:xsi="http://www.w3.org/2001/XMLSchema-instance" xsi:noNamespaceSchemaLocation="https://maven.apache.org/surefire/maven-surefire-plugin/xsd/surefire-test-report.xsd" name="com.khaled.bookscomp.AppTest" time="11.582" tests="5" errors="0" skipped="0" failures="0">
  <properties>
[...]
</properties>
  <testcase name="testHibernateSession" classname="com.khaled.bookscomp.AppTest" time="3.414"/>
  <testcase name="testBook" classname="com.khaled.bookscomp.AppTest" time="0.437"/>
  <testcase name="testListBooks" classname="com.khaled.bookscomp.AppTest" time="6.63"/>
  <testcase name="testDao" classname="com.khaled.bookscomp.AppTest" time="0.629"/>
  <testcase name="testAppconfigBookService" classname="com.khaled.bookscomp.AppTest" time="0.453"/>
</testsuite>